2017-05-16 09:41:22,868 INFO 
2017-05-16 09:41:22,868 INFO Inicio de la aplicacion
2017-05-16 09:41:24,496 INFO 
2017-05-16 09:41:24,497 INFO Solicitud: http://localhost:6080/restTurneroApp/turno/ingresarTurno?idSucursal=1&idTramite=2
2017-05-16 09:41:26,615 INFO Respuesta: <html><head><title>Apache Tomcat/7.0.77 - Informe de Error</title><style><!--H1 {font-family:Tahoma,Arial,sans-serif;color:white;background-color:#525D76;font-size:22px;} H2 {font-family:Tahoma,Arial,sans-serif;color:white;background-color:#525D76;font-size:16px;} H3 {font-family:Tahoma,Arial,sans-serif;color:white;background-color:#525D76;font-size:14px;} BODY {font-family:Tahoma,Arial,sans-serif;color:black;background-color:white;} B {font-family:Tahoma,Arial,sans-serif;color:white;background-color:#525D76;} P {font-family:Tahoma,Arial,sans-serif;background:white;color:black;font-size:12px;}A {color : black;}A.name {color : black;}HR {color : #525D76;}--></style> </head><body><h1>Estado HTTP 500 - Request processing failed; nested exception is org.springframework.transaction.CannotCreateTransactionException: Could not open Hibernate Session for transaction; nested exception is org.hibernate.exception.GenericJDBCException: Could not open connection</h1><HR size="1" noshade="noshade"><p><b>type</b> Informe de Excepción</p><p><b>mensaje</b> <u>Request processing failed; nested exception is org.springframework.transaction.CannotCreateTransactionException: Could not open Hibernate Session for transaction; nested exception is org.hibernate.exception.GenericJDBCException: Could not open connection</u></p><p><b>descripción</b> <u>El servidor encontró un error interno que hizo que no pudiera rellenar este requerimiento.</u></p><p><b>excepción</b> <pre>org.springframework.web.util.NestedServletException: Request processing failed; nested exception is org.springframework.transaction.CannotCreateTransactionException: Could not open Hibernate Session for transaction; nested exception is org.hibernate.exception.GenericJDBCException: Could not open connection
	org.springframework.web.servlet.FrameworkServlet.processRequest(FrameworkServlet.java:973)
	org.springframework.web.servlet.FrameworkServlet.doGet(FrameworkServlet.java:852)
	javax.servlet.http.HttpServlet.service(HttpServlet.java:624)
	org.springframework.web.servlet.FrameworkServlet.service(FrameworkServlet.java:837)
	javax.servlet.http.HttpServlet.service(HttpServlet.java:731)
	org.apache.tomcat.websocket.server.WsFilter.doFilter(WsFilter.java:52)
	org.springframework.orm.hibernate4.support.OpenSessionInViewFilter.doFilterInternal(OpenSessionInViewFilter.java:152)
	org.springframework.web.filter.OncePerRequestFilter.doFilter(OncePerRequestFilter.java:108)
</pre></p><p><b>causa raíz</b> <pre>org.springframework.transaction.CannotCreateTransactionException: Could not open Hibernate Session for transaction; nested exception is org.hibernate.exception.GenericJDBCException: Could not open connection
	org.springframework.orm.hibernate4.HibernateTransactionManager.doBegin(HibernateTransactionManager.java:515)
	org.springframework.transaction.support.AbstractPlatformTransactionManager.getTransaction(AbstractPlatformTransactionManager.java:373)
	org.springframework.transaction.interceptor.TransactionAspectSupport.createTransactionIfNecessary(TransactionAspectSupport.java:420)
	org.springframework.transaction.interceptor.TransactionAspectSupport.invokeWithinTransaction(TransactionAspectSupport.java:257)
	org.springframework.transaction.interceptor.TransactionInterceptor.invoke(TransactionInterceptor.java:95)
	org.springframework.aop.framework.ReflectiveMethodInvocation.proceed(ReflectiveMethodInvocation.java:179)
	org.springframework.aop.framework.JdkDynamicAopProxy.invoke(JdkDynamicAopProxy.java:207)
	com.sun.proxy.$Proxy32.ingresarTurno(Unknown Source)
	com.turneroapp.rest.TurnoController.ingresarTurno(TurnoController.java:201)
	sun.reflect.NativeMethodAccessorImpl.invoke0(Native Method)
	sun.reflect.NativeMethodAccessorImpl.invoke(Unknown Source)
	sun.reflect.DelegatingMethodAccessorImpl.invoke(Unknown Source)
	java.lang.reflect.Method.invoke(Unknown Source)
	org.springframework.web.method.support.InvocableHandlerMethod.invoke(InvocableHandlerMethod.java:215)
	org.springframework.web.method.support.InvocableHandlerMethod.invokeForRequest(InvocableHandlerMethod.java:132)
	org.springframework.web.servlet.mvc.method.annotation.ServletInvocableHandlerMethod.invokeAndHandle(ServletInvocableHandlerMethod.java:104)
	org.springframework.web.servlet.mvc.method.annotation.RequestMappingHandlerAdapter.invokeHandleMethod(RequestMappingHandlerAdapter.java:749)
	org.springframework.web.servlet.mvc.method.annotation.RequestMappingHandlerAdapter.handleInternal(RequestMappingHandlerAdapter.java:689)
	org.springframework.web.servlet.mvc.method.AbstractHandlerMethodAdapter.handle(AbstractHandlerMethodAdapter.java:83)
	org.springframework.web.servlet.DispatcherServlet.doDispatch(DispatcherServlet.java:938)
	org.springframework.web.servlet.DispatcherServlet.doService(DispatcherServlet.java:870)
	org.springframework.web.servlet.FrameworkServlet.processRequest(FrameworkServlet.java:961)
	org.springframework.web.servlet.FrameworkServlet.doGet(FrameworkServlet.java:852)
	javax.servlet.http.HttpServlet.service(HttpServlet.java:624)
	org.springframework.web.servlet.FrameworkServlet.service(FrameworkServlet.java:837)
	javax.servlet.http.HttpServlet.service(HttpServlet.java:731)
	org.apache.tomcat.websocket.server.WsFilter.doFilter(WsFilter.java:52)
	org.springframework.orm.hibernate4.support.OpenSessionInViewFilter.doFilterInternal(OpenSessionInViewFilter.java:152)
	org.springframework.web.filter.OncePerRequestFilter.doFilter(OncePerRequestFilter.java:108)
</pre></p><p><b>causa raíz</b> <pre>org.hibernate.exception.GenericJDBCException: Could not open connection
	org.hibernate.exception.internal.StandardSQLExceptionConverter.convert(StandardSQLExceptionConverter.java:54)
	org.hibernate.engine.jdbc.spi.SqlExceptionHelper.convert(SqlExceptionHelper.java:126)
	org.hibernate.engine.jdbc.spi.SqlExceptionHelper.convert(SqlExceptionHelper.java:112)
	org.hibernate.engine.jdbc.internal.LogicalConnectionImpl.obtainConnection(LogicalConnectionImpl.java:235)
	org.hibernate.engine.jdbc.internal.LogicalConnectionImpl.getConnection(LogicalConnectionImpl.java:171)
	org.hibernate.internal.SessionImpl.connection(SessionImpl.java:450)
	org.springframework.orm.hibernate4.HibernateTransactionManager.doBegin(HibernateTransactionManager.java:429)
	org.springframework.transaction.support.AbstractPlatformTransactionManager.getTransaction(AbstractPlatformTransactionManager.java:373)
	org.springframework.transaction.interceptor.TransactionAspectSupport.createTransactionIfNecessary(TransactionAspectSupport.java:420)
	org.springframework.transaction.interceptor.TransactionAspectSupport.invokeWithinTransaction(TransactionAspectSupport.java:257)
	org.springframework.transaction.interceptor.TransactionInterceptor.invoke(TransactionInterceptor.java:95)
	org.springframework.aop.framework.ReflectiveMethodInvocation.proceed(ReflectiveMethodInvocation.java:179)
	org.springframework.aop.framework.JdkDynamicAopProxy.invoke(JdkDynamicAopProxy.java:207)
	com.sun.proxy.$Proxy32.ingresarTurno(Unknown Source)
	com.turneroapp.rest.TurnoController.ingresarTurno(TurnoController.java:201)
	sun.reflect.NativeMethodAccessorImpl.invoke0(Native Method)
	sun.reflect.NativeMethodAccessorImpl.invoke(Unknown Source)
	sun.reflect.DelegatingMethodAccessorImpl.invoke(Unknown Source)
	java.lang.reflect.Method.invoke(Unknown Source)
	org.springframework.web.method.support.InvocableHandlerMethod.invoke(InvocableHandlerMethod.java:215)
	org.springframework.web.method.support.InvocableHandlerMethod.invokeForRequest(InvocableHandlerMethod.java:132)
	org.springframework.web.servlet.mvc.method.annotation.ServletInvocableHandlerMethod.invokeAndHandle(ServletInvocableHandlerMethod.java:104)
	org.springframework.web.servlet.mvc.method.annotation.RequestMappingHandlerAdapter.invokeHandleMethod(RequestMappingHandlerAdapter.java:749)
	org.springframework.web.servlet.mvc.method.annotation.RequestMappingHandlerAdapter.handleInternal(RequestMappingHandlerAdapter.java:689)
	org.springframework.web.servlet.mvc.method.AbstractHandlerMethodAdapter.handle(AbstractHandlerMethodAdapter.java:83)
	org.springframework.web.servlet.DispatcherServlet.doDispatch(DispatcherServlet.java:938)
	org.springframework.web.servlet.DispatcherServlet.doService(DispatcherServlet.java:870)
	org.springframework.web.servlet.FrameworkServlet.processRequest(FrameworkServlet.java:961)
	org.springframework.web.servlet.FrameworkServlet.doGet(FrameworkServlet.java:852)
	javax.servlet.http.HttpServlet.service(HttpServlet.java:624)
	org.springframework.web.servlet.FrameworkServlet.service(FrameworkServlet.java:837)
	javax.servlet.http.HttpServlet.service(HttpServlet.java:731)
	org.apache.tomcat.websocket.server.WsFilter.doFilter(WsFilter.java:52)
	org.springframework.orm.hibernate4.support.OpenSessionInViewFilter.doFilterInternal(OpenSessionInViewFilter.java:152)
	org.springframework.web.filter.OncePerRequestFilter.doFilter(OncePerRequestFilter.java:108)
</pre></p><p><b>causa raíz</b> <pre>java.sql.SQLException: Cannot create PoolableConnectionFactory (Communications link failure

The last packet sent successfully to the server was 0 milliseconds ago. The driver has not received any packets from the server.)
	org.apache.commons.dbcp2.BasicDataSource.createPoolableConnectionFactory(BasicDataSource.java:2152)
	org.apache.commons.dbcp2.BasicDataSource.createDataSource(BasicDataSource.java:1903)
	org.apache.commons.dbcp2.BasicDataSource.getConnection(BasicDataSource.java:1413)
	org.hibernate.engine.jdbc.connections.internal.DatasourceConnectionProviderImpl.getConnection(DatasourceConnectionProviderImpl.java:139)
	org.hibernate.internal.AbstractSessionImpl$NonContextualJdbcConnectionAccess.obtainConnection(AbstractSessionImpl.java:380)
	org.hibernate.engine.jdbc.internal.LogicalConnectionImpl.obtainConnection(LogicalConnectionImpl.java:228)
	org.hibernate.engine.jdbc.internal.LogicalConnectionImpl.getConnection(LogicalConnectionImpl.java:171)
	org.hibernate.internal.SessionImpl.connection(SessionImpl.java:450)
	org.springframework.orm.hibernate4.HibernateTransactionManager.doBegin(HibernateTransactionManager.java:429)
	org.springframework.transaction.support.AbstractPlatformTransactionManager.getTransaction(AbstractPlatformTransactionManager.java:373)
	org.springframework.transaction.interceptor.TransactionAspectSupport.createTransactionIfNecessary(TransactionAspectSupport.java:420)
	org.springframework.transaction.interceptor.TransactionAspectSupport.invokeWithinTransaction(TransactionAspectSupport.java:257)
	org.springframework.transaction.interceptor.TransactionInterceptor.invoke(TransactionInterceptor.java:95)
	org.springframework.aop.framework.ReflectiveMethodInvocation.proceed(ReflectiveMethodInvocation.java:179)
	org.springframework.aop.framework.JdkDynamicAopProxy.invoke(JdkDynamicAopProxy.java:207)
	com.sun.proxy.$Proxy32.ingresarTurno(Unknown Source)
	com.turneroapp.rest.TurnoController.ingresarTurno(TurnoController.java:201)
	sun.reflect.NativeMethodAccessorImpl.invoke0(Native Method)
	sun.reflect.NativeMethodAccessorImpl.invoke(Unknown Source)
	sun.reflect.DelegatingMethodAccessorImpl.invoke(Unknown Source)
	java.lang.reflect.Method.invoke(Unknown Source)
	org.springframework.web.method.support.InvocableHandlerMethod.invoke(InvocableHandlerMethod.java:215)
	org.springframework.web.method.support.InvocableHandlerMethod.invokeForRequest(InvocableHandlerMethod.java:132)
	org.springframework.web.servlet.mvc.method.annotation.ServletInvocableHandlerMethod.invokeAndHandle(ServletInvocableHandlerMethod.java:104)
	org.springframework.web.servlet.mvc.method.annotation.RequestMappingHandlerAdapter.invokeHandleMethod(RequestMappingHandlerAdapter.java:749)
	org.springframework.web.servlet.mvc.method.annotation.RequestMappingHandlerAdapter.handleInternal(RequestMappingHandlerAdapter.java:689)
	org.springframework.web.servlet.mvc.method.AbstractHandlerMethodAdapter.handle(AbstractHandlerMethodAdapter.java:83)
	org.springframework.web.servlet.DispatcherServlet.doDispatch(DispatcherServlet.java:938)
	org.springframework.web.servlet.DispatcherServlet.doService(DispatcherServlet.java:870)
	org.springframework.web.servlet.FrameworkServlet.processRequest(FrameworkServlet.java:961)
	org.springframework.web.servlet.FrameworkServlet.doGet(FrameworkServlet.java:852)
	javax.servlet.http.HttpServlet.service(HttpServlet.java:624)
	org.springframework.web.servlet.FrameworkServlet.service(FrameworkServlet.java:837)
	javax.servlet.http.HttpServlet.service(HttpServlet.java:731)
	org.apache.tomcat.websocket.server.WsFilter.doFilter(WsFilter.java:52)
	org.springframework.orm.hibernate4.support.OpenSessionInViewFilter.doFilterInternal(OpenSessionInViewFilter.java:152)
	org.springframework.web.filter.OncePerRequestFilter.doFilter(OncePerRequestFilter.java:108)
</pre></p><p><b>causa raíz</b> <pre>com.mysql.jdbc.exceptions.jdbc4.CommunicationsException: Communications link failure

The last packet sent successfully to the server was 0 milliseconds ago. The driver has not received any packets from the server.
	sun.reflect.NativeConstructorAccessorImpl.newInstance0(Native Method)
	sun.reflect.NativeConstructorAccessorImpl.newInstance(Unknown Source)
	sun.reflect.DelegatingConstructorAccessorImpl.newInstance(Unknown Source)
	java.lang.reflect.Constructor.newInstance(Unknown Source)
	com.mysql.jdbc.Util.handleNewInstance(Util.java:409)
	com.mysql.jdbc.SQLError.createCommunicationsException(SQLError.java:1127)
	com.mysql.jdbc.MysqlIO.&lt;init&gt;(MysqlIO.java:356)
	com.mysql.jdbc.ConnectionImpl.coreConnect(ConnectionImpl.java:2502)
	com.mysql.jdbc.ConnectionImpl.connectOneTryOnly(ConnectionImpl.java:2539)
	com.mysql.jdbc.ConnectionImpl.createNewIO(ConnectionImpl.java:2321)
	com.mysql.jdbc.ConnectionImpl.&lt;init&gt;(ConnectionImpl.java:832)
	com.mysql.jdbc.JDBC4Connection.&lt;init&gt;(JDBC4Connection.java:46)
	sun.reflect.NativeConstructorAccessorImpl.newInstance0(Native Method)
	sun.reflect.NativeConstructorAccessorImpl.newInstance(Unknown Source)
	sun.reflect.DelegatingConstructorAccessorImpl.newInstance(Unknown Source)
	java.lang.reflect.Constructor.newInstance(Unknown Source)
	com.mysql.jdbc.Util.handleNewInstance(Util.java:409)
	com.mysql.jdbc.ConnectionImpl.getInstance(ConnectionImpl.java:417)
	com.mysql.jdbc.NonRegisteringDriver.connect(NonRegisteringDriver.java:344)
	org.apache.commons.dbcp2.DriverConnectionFactory.createConnection(DriverConnectionFactory.java:39)
	org.apache.commons.dbcp2.PoolableConnectionFactory.makeObject(PoolableConnectionFactory.java:205)
	org.apache.commons.dbcp2.BasicDataSource.validateConnectionFactory(BasicDataSource.java:2162)
	org.apache.commons.dbcp2.BasicDataSource.createPoolableConnectionFactory(BasicDataSource.java:2148)
	org.apache.commons.dbcp2.BasicDataSource.createDataSource(BasicDataSource.java:1903)
	org.apache.commons.dbcp2.BasicDataSource.getConnection(BasicDataSource.java:1413)
	org.hibernate.engine.jdbc.connections.internal.DatasourceConnectionProviderImpl.getConnection(DatasourceConnectionProviderImpl.java:139)
	org.hibernate.internal.AbstractSessionImpl$NonContextualJdbcConnectionAccess.obtainConnection(AbstractSessionImpl.java:380)
	org.hibernate.engine.jdbc.internal.LogicalConnectionImpl.obtainConnection(LogicalConnectionImpl.java:228)
	org.hibernate.engine.jdbc.internal.LogicalConnectionImpl.getConnection(LogicalConnectionImpl.java:171)
	org.hibernate.internal.SessionImpl.connection(SessionImpl.java:450)
	org.springframework.orm.hibernate4.HibernateTransactionManager.doBegin(HibernateTransactionManager.java:429)
	org.springframework.transaction.support.AbstractPlatformTransactionManager.getTransaction(AbstractPlatformTransactionManager.java:373)
	org.springframework.transaction.interceptor.TransactionAspectSupport.createTransactionIfNecessary(TransactionAspectSupport.java:420)
	org.springframework.transaction.interceptor.TransactionAspectSupport.invokeWithinTransaction(TransactionAspectSupport.java:257)
	org.springframework.transaction.interceptor.TransactionInterceptor.invoke(TransactionInterceptor.java:95)
	org.springframework.aop.framework.ReflectiveMethodInvocation.proceed(ReflectiveMethodInvocation.java:179)
	org.springframework.aop.framework.JdkDynamicAopProxy.invoke(JdkDynamicAopProxy.java:207)
	com.sun.proxy.$Proxy32.ingresarTurno(Unknown Source)
	com.turneroapp.rest.TurnoController.ingresarTurno(TurnoController.java:201)
	sun.reflect.NativeMethodAccessorImpl.invoke0(Native Method)
	sun.reflect.NativeMethodAccessorImpl.invoke(Unknown Source)
	sun.reflect.DelegatingMethodAccessorImpl.invoke(Unknown Source)
	java.lang.reflect.Method.invoke(Unknown Source)
	org.springframework.web.method.support.InvocableHandlerMethod.invoke(InvocableHandlerMethod.java:215)
	org.springframework.web.method.support.InvocableHandlerMethod.invokeForRequest(InvocableHandlerMethod.java:132)
	org.springframework.web.servlet.mvc.method.annotation.ServletInvocableHandlerMethod.invokeAndHandle(ServletInvocableHandlerMethod.java:104)
	org.springframework.web.servlet.mvc.method.annotation.RequestMappingHandlerAdapter.invokeHandleMethod(RequestMappingHandlerAdapter.java:749)
	org.springframework.web.servlet.mvc.method.annotation.RequestMappingHandlerAdapter.handleInternal(RequestMappingHandlerAdapter.java:689)
	org.springframework.web.servlet.mvc.method.AbstractHandlerMethodAdapter.handle(AbstractHandlerMethodAdapter.java:83)
	org.springframework.web.servlet.DispatcherServlet.doDispatch(DispatcherServlet.java:938)
	org.springframework.web.servlet.DispatcherServlet.doService(DispatcherServlet.java:870)
	org.springframework.web.servlet.FrameworkServlet.processRequest(FrameworkServlet.java:961)
	org.springframework.web.servlet.FrameworkServlet.doGet(FrameworkServlet.java:852)
	javax.servlet.http.HttpServlet.service(HttpServlet.java:624)
	org.springframework.web.servlet.FrameworkServlet.service(FrameworkServlet.java:837)
	javax.servlet.http.HttpServlet.service(HttpServlet.java:731)
	org.apache.tomcat.websocket.server.WsFilter.doFilter(WsFilter.java:52)
	org.springframework.orm.hibernate4.support.OpenSessionInViewFilter.doFilterInternal(OpenSessionInViewFilter.java:152)
	org.springframework.web.filter.OncePerRequestFilter.doFilter(OncePerRequestFilter.java:108)
</pre></p><p><b>causa raíz</b> <pre>java.net.ConnectException: Connection refused: connect
	java.net.DualStackPlainSocketImpl.connect0(Native Method)
	java.net.DualStackPlainSocketImpl.socketConnect(Unknown Source)
	java.net.AbstractPlainSocketImpl.doConnect(Unknown Source)
	java.net.AbstractPlainSocketImpl.connectToAddress(Unknown Source)
	java.net.AbstractPlainSocketImpl.connect(Unknown Source)
	java.net.PlainSocketImpl.connect(Unknown Source)
	java.net.SocksSocketImpl.connect(Unknown Source)
	java.net.Socket.connect(Unknown Source)
	java.net.Socket.connect(Unknown Source)
	java.net.Socket.&lt;init&gt;(Unknown Source)
	java.net.Socket.&lt;init&gt;(Unknown Source)
	com.mysql.jdbc.StandardSocketFactory.connect(StandardSocketFactory.java:258)
	com.mysql.jdbc.MysqlIO.&lt;init&gt;(MysqlIO.java:306)
	com.mysql.jdbc.ConnectionImpl.coreConnect(ConnectionImpl.java:2502)
	com.mysql.jdbc.ConnectionImpl.connectOneTryOnly(ConnectionImpl.java:2539)
	com.mysql.jdbc.ConnectionImpl.createNewIO(ConnectionImpl.java:2321)
	com.mysql.jdbc.ConnectionImpl.&lt;init&gt;(ConnectionImpl.java:832)
	com.mysql.jdbc.JDBC4Connection.&lt;init&gt;(JDBC4Connection.java:46)
	sun.reflect.NativeConstructorAccessorImpl.newInstance0(Native Method)
	sun.reflect.NativeConstructorAccessorImpl.newInstance(Unknown Source)
	sun.reflect.DelegatingConstructorAccessorImpl.newInstance(Unknown Source)
	java.lang.reflect.Constructor.newInstance(Unknown Source)
	com.mysql.jdbc.Util.handleNewInstance(Util.java:409)
	com.mysql.jdbc.ConnectionImpl.getInstance(ConnectionImpl.java:417)
	com.mysql.jdbc.NonRegisteringDriver.connect(NonRegisteringDriver.java:344)
	org.apache.commons.dbcp2.DriverConnectionFactory.createConnection(DriverConnectionFactory.java:39)
	org.apache.commons.dbcp2.PoolableConnectionFactory.makeObject(PoolableConnectionFactory.java:205)
	org.apache.commons.dbcp2.BasicDataSource.validateConnectionFactory(BasicDataSource.java:2162)
	org.apache.commons.dbcp2.BasicDataSource.createPoolableConnectionFactory(BasicDataSource.java:2148)
	org.apache.commons.dbcp2.BasicDataSource.createDataSource(BasicDataSource.java:1903)
	org.apache.commons.dbcp2.BasicDataSource.getConnection(BasicDataSource.java:1413)
	org.hibernate.engine.jdbc.connections.internal.DatasourceConnectionProviderImpl.getConnection(DatasourceConnectionProviderImpl.java:139)
	org.hibernate.internal.AbstractSessionImpl$NonContextualJdbcConnectionAccess.obtainConnection(AbstractSessionImpl.java:380)
	org.hibernate.engine.jdbc.internal.LogicalConnectionImpl.obtainConnection(LogicalConnectionImpl.java:228)
	org.hibernate.engine.jdbc.internal.LogicalConnectionImpl.getConnection(LogicalConnectionImpl.java:171)
	org.hibernate.internal.SessionImpl.connection(SessionImpl.java:450)
	org.springframework.orm.hibernate4.HibernateTransactionManager.doBegin(HibernateTransactionManager.java:429)
	org.springframework.transaction.support.AbstractPlatformTransactionManager.getTransaction(AbstractPlatformTransactionManager.java:373)
	org.springframework.transaction.interceptor.TransactionAspectSupport.createTransactionIfNecessary(TransactionAspectSupport.java:420)
	org.springframework.transaction.interceptor.TransactionAspectSupport.invokeWithinTransaction(TransactionAspectSupport.java:257)
	org.springframework.transaction.interceptor.TransactionInterceptor.invoke(TransactionInterceptor.java:95)
	org.springframework.aop.framework.ReflectiveMethodInvocation.proceed(ReflectiveMethodInvocation.java:179)
	org.springframework.aop.framework.JdkDynamicAopProxy.invoke(JdkDynamicAopProxy.java:207)
	com.sun.proxy.$Proxy32.ingresarTurno(Unknown Source)
	com.turneroapp.rest.TurnoController.ingresarTurno(TurnoController.java:201)
	sun.reflect.NativeMethodAccessorImpl.invoke0(Native Method)
	sun.reflect.NativeMethodAccessorImpl.invoke(Unknown Source)
	sun.reflect.DelegatingMethodAccessorImpl.invoke(Unknown Source)
	java.lang.reflect.Method.invoke(Unknown Source)
	org.springframework.web.method.support.InvocableHandlerMethod.invoke(InvocableHandlerMethod.java:215)
	org.springframework.web.method.support.InvocableHandlerMethod.invokeForRequest(InvocableHandlerMethod.java:132)
	org.springframework.web.servlet.mvc.method.annotation.ServletInvocableHandlerMethod.invokeAndHandle(ServletInvocableHandlerMethod.java:104)
	org.springframework.web.servlet.mvc.method.annotation.RequestMappingHandlerAdapter.invokeHandleMethod(RequestMappingHandlerAdapter.java:749)
	org.springframework.web.servlet.mvc.method.annotation.RequestMappingHandlerAdapter.handleInternal(RequestMappingHandlerAdapter.java:689)
	org.springframework.web.servlet.mvc.method.AbstractHandlerMethodAdapter.handle(AbstractHandlerMethodAdapter.java:83)
	org.springframework.web.servlet.DispatcherServlet.doDispatch(DispatcherServlet.java:938)
	org.springframework.web.servlet.DispatcherServlet.doService(DispatcherServlet.java:870)
	org.springframework.web.servlet.FrameworkServlet.processRequest(FrameworkServlet.java:961)
	org.springframework.web.servlet.FrameworkServlet.doGet(FrameworkServlet.java:852)
	javax.servlet.http.HttpServlet.service(HttpServlet.java:624)
	org.springframework.web.servlet.FrameworkServlet.service(FrameworkServlet.java:837)
	javax.servlet.http.HttpServlet.service(HttpServlet.java:731)
	org.apache.tomcat.websocket.server.WsFilter.doFilter(WsFilter.java:52)
	org.springframework.orm.hibernate4.support.OpenSessionInViewFilter.doFilterInternal(OpenSessionInViewFilter.java:152)
	org.springframework.web.filter.OncePerRequestFilter.doFilter(OncePerRequestFilter.java:108)
</pre></p><p><b>nota</b> <u>La traza completa de la causa de este error se encuentra en los archivos de diario de Apache Tomcat/7.0.77.</u></p><HR size="1" noshade="noshade"><h3>Apache Tomcat/7.0.77</h3></body></html>
2017-05-16 09:41:26,723 INFO 
2017-05-16 09:41:26,723 INFO Solicitud: http://localhost:6080/restTurneroApp/turno/ingresarTurno?idSucursal=1&idTramite=2
2017-05-16 09:41:28,755 INFO Respuesta: <html><head><title>Apache Tomcat/7.0.77 - Informe de Error</title><style><!--H1 {font-family:Tahoma,Arial,sans-serif;color:white;background-color:#525D76;font-size:22px;} H2 {font-family:Tahoma,Arial,sans-serif;color:white;background-color:#525D76;font-size:16px;} H3 {font-family:Tahoma,Arial,sans-serif;color:white;background-color:#525D76;font-size:14px;} BODY {font-family:Tahoma,Arial,sans-serif;color:black;background-color:white;} B {font-family:Tahoma,Arial,sans-serif;color:white;background-color:#525D76;} P {font-family:Tahoma,Arial,sans-serif;background:white;color:black;font-size:12px;}A {color : black;}A.name {color : black;}HR {color : #525D76;}--></style> </head><body><h1>Estado HTTP 500 - Request processing failed; nested exception is org.springframework.transaction.CannotCreateTransactionException: Could not open Hibernate Session for transaction; nested exception is org.hibernate.exception.GenericJDBCException: Could not open connection</h1><HR size="1" noshade="noshade"><p><b>type</b> Informe de Excepción</p><p><b>mensaje</b> <u>Request processing failed; nested exception is org.springframework.transaction.CannotCreateTransactionException: Could not open Hibernate Session for transaction; nested exception is org.hibernate.exception.GenericJDBCException: Could not open connection</u></p><p><b>descripción</b> <u>El servidor encontró un error interno que hizo que no pudiera rellenar este requerimiento.</u></p><p><b>excepción</b> <pre>org.springframework.web.util.NestedServletException: Request processing failed; nested exception is org.springframework.transaction.CannotCreateTransactionException: Could not open Hibernate Session for transaction; nested exception is org.hibernate.exception.GenericJDBCException: Could not open connection
	org.springframework.web.servlet.FrameworkServlet.processRequest(FrameworkServlet.java:973)
	org.springframework.web.servlet.FrameworkServlet.doGet(FrameworkServlet.java:852)
	javax.servlet.http.HttpServlet.service(HttpServlet.java:624)
	org.springframework.web.servlet.FrameworkServlet.service(FrameworkServlet.java:837)
	javax.servlet.http.HttpServlet.service(HttpServlet.java:731)
	org.apache.tomcat.websocket.server.WsFilter.doFilter(WsFilter.java:52)
	org.springframework.orm.hibernate4.support.OpenSessionInViewFilter.doFilterInternal(OpenSessionInViewFilter.java:152)
	org.springframework.web.filter.OncePerRequestFilter.doFilter(OncePerRequestFilter.java:108)
</pre></p><p><b>causa raíz</b> <pre>org.springframework.transaction.CannotCreateTransactionException: Could not open Hibernate Session for transaction; nested exception is org.hibernate.exception.GenericJDBCException: Could not open connection
	org.springframework.orm.hibernate4.HibernateTransactionManager.doBegin(HibernateTransactionManager.java:515)
	org.springframework.transaction.support.AbstractPlatformTransactionManager.getTransaction(AbstractPlatformTransactionManager.java:373)
	org.springframework.transaction.interceptor.TransactionAspectSupport.createTransactionIfNecessary(TransactionAspectSupport.java:420)
	org.springframework.transaction.interceptor.TransactionAspectSupport.invokeWithinTransaction(TransactionAspectSupport.java:257)
	org.springframework.transaction.interceptor.TransactionInterceptor.invoke(TransactionInterceptor.java:95)
	org.springframework.aop.framework.ReflectiveMethodInvocation.proceed(ReflectiveMethodInvocation.java:179)
	org.springframework.aop.framework.JdkDynamicAopProxy.invoke(JdkDynamicAopProxy.java:207)
	com.sun.proxy.$Proxy32.ingresarTurno(Unknown Source)
	com.turneroapp.rest.TurnoController.ingresarTurno(TurnoController.java:201)
	sun.reflect.NativeMethodAccessorImpl.invoke0(Native Method)
	sun.reflect.NativeMethodAccessorImpl.invoke(Unknown Source)
	sun.reflect.DelegatingMethodAccessorImpl.invoke(Unknown Source)
	java.lang.reflect.Method.invoke(Unknown Source)
	org.springframework.web.method.support.InvocableHandlerMethod.invoke(InvocableHandlerMethod.java:215)
	org.springframework.web.method.support.InvocableHandlerMethod.invokeForRequest(InvocableHandlerMethod.java:132)
	org.springframework.web.servlet.mvc.method.annotation.ServletInvocableHandlerMethod.invokeAndHandle(ServletInvocableHandlerMethod.java:104)
	org.springframework.web.servlet.mvc.method.annotation.RequestMappingHandlerAdapter.invokeHandleMethod(RequestMappingHandlerAdapter.java:749)
	org.springframework.web.servlet.mvc.method.annotation.RequestMappingHandlerAdapter.handleInternal(RequestMappingHandlerAdapter.java:689)
	org.springframework.web.servlet.mvc.method.AbstractHandlerMethodAdapter.handle(AbstractHandlerMethodAdapter.java:83)
	org.springframework.web.servlet.DispatcherServlet.doDispatch(DispatcherServlet.java:938)
	org.springframework.web.servlet.DispatcherServlet.doService(DispatcherServlet.java:870)
	org.springframework.web.servlet.FrameworkServlet.processRequest(FrameworkServlet.java:961)
	org.springframework.web.servlet.FrameworkServlet.doGet(FrameworkServlet.java:852)
	javax.servlet.http.HttpServlet.service(HttpServlet.java:624)
	org.springframework.web.servlet.FrameworkServlet.service(FrameworkServlet.java:837)
	javax.servlet.http.HttpServlet.service(HttpServlet.java:731)
	org.apache.tomcat.websocket.server.WsFilter.doFilter(WsFilter.java:52)
	org.springframework.orm.hibernate4.support.OpenSessionInViewFilter.doFilterInternal(OpenSessionInViewFilter.java:152)
	org.springframework.web.filter.OncePerRequestFilter.doFilter(OncePerRequestFilter.java:108)
</pre></p><p><b>causa raíz</b> <pre>org.hibernate.exception.GenericJDBCException: Could not open connection
	org.hibernate.exception.internal.StandardSQLExceptionConverter.convert(StandardSQLExceptionConverter.java:54)
	org.hibernate.engine.jdbc.spi.SqlExceptionHelper.convert(SqlExceptionHelper.java:126)
	org.hibernate.engine.jdbc.spi.SqlExceptionHelper.convert(SqlExceptionHelper.java:112)
	org.hibernate.engine.jdbc.internal.LogicalConnectionImpl.obtainConnection(LogicalConnectionImpl.java:235)
	org.hibernate.engine.jdbc.internal.LogicalConnectionImpl.getConnection(LogicalConnectionImpl.java:171)
	org.hibernate.internal.SessionImpl.connection(SessionImpl.java:450)
	org.springframework.orm.hibernate4.HibernateTransactionManager.doBegin(HibernateTransactionManager.java:429)
	org.springframework.transaction.support.AbstractPlatformTransactionManager.getTransaction(AbstractPlatformTransactionManager.java:373)
	org.springframework.transaction.interceptor.TransactionAspectSupport.createTransactionIfNecessary(TransactionAspectSupport.java:420)
	org.springframework.transaction.interceptor.TransactionAspectSupport.invokeWithinTransaction(TransactionAspectSupport.java:257)
	org.springframework.transaction.interceptor.TransactionInterceptor.invoke(TransactionInterceptor.java:95)
	org.springframework.aop.framework.ReflectiveMethodInvocation.proceed(ReflectiveMethodInvocation.java:179)
	org.springframework.aop.framework.JdkDynamicAopProxy.invoke(JdkDynamicAopProxy.java:207)
	com.sun.proxy.$Proxy32.ingresarTurno(Unknown Source)
	com.turneroapp.rest.TurnoController.ingresarTurno(TurnoController.java:201)
	sun.reflect.NativeMethodAccessorImpl.invoke0(Native Method)
	sun.reflect.NativeMethodAccessorImpl.invoke(Unknown Source)
	sun.reflect.DelegatingMethodAccessorImpl.invoke(Unknown Source)
	java.lang.reflect.Method.invoke(Unknown Source)
	org.springframework.web.method.support.InvocableHandlerMethod.invoke(InvocableHandlerMethod.java:215)
	org.springframework.web.method.support.InvocableHandlerMethod.invokeForRequest(InvocableHandlerMethod.java:132)
	org.springframework.web.servlet.mvc.method.annotation.ServletInvocableHandlerMethod.invokeAndHandle(ServletInvocableHandlerMethod.java:104)
	org.springframework.web.servlet.mvc.method.annotation.RequestMappingHandlerAdapter.invokeHandleMethod(RequestMappingHandlerAdapter.java:749)
	org.springframework.web.servlet.mvc.method.annotation.RequestMappingHandlerAdapter.handleInternal(RequestMappingHandlerAdapter.java:689)
	org.springframework.web.servlet.mvc.method.AbstractHandlerMethodAdapter.handle(AbstractHandlerMethodAdapter.java:83)
	org.springframework.web.servlet.DispatcherServlet.doDispatch(DispatcherServlet.java:938)
	org.springframework.web.servlet.DispatcherServlet.doService(DispatcherServlet.java:870)
	org.springframework.web.servlet.FrameworkServlet.processRequest(FrameworkServlet.java:961)
	org.springframework.web.servlet.FrameworkServlet.doGet(FrameworkServlet.java:852)
	javax.servlet.http.HttpServlet.service(HttpServlet.java:624)
	org.springframework.web.servlet.FrameworkServlet.service(FrameworkServlet.java:837)
	javax.servlet.http.HttpServlet.service(HttpServlet.java:731)
	org.apache.tomcat.websocket.server.WsFilter.doFilter(WsFilter.java:52)
	org.springframework.orm.hibernate4.support.OpenSessionInViewFilter.doFilterInternal(OpenSessionInViewFilter.java:152)
	org.springframework.web.filter.OncePerRequestFilter.doFilter(OncePerRequestFilter.java:108)
</pre></p><p><b>causa raíz</b> <pre>java.sql.SQLException: Cannot create PoolableConnectionFactory (Communications link failure

The last packet sent successfully to the server was 0 milliseconds ago. The driver has not received any packets from the server.)
	org.apache.commons.dbcp2.BasicDataSource.createPoolableConnectionFactory(BasicDataSource.java:2152)
	org.apache.commons.dbcp2.BasicDataSource.createDataSource(BasicDataSource.java:1903)
	org.apache.commons.dbcp2.BasicDataSource.getConnection(BasicDataSource.java:1413)
	org.hibernate.engine.jdbc.connections.internal.DatasourceConnectionProviderImpl.getConnection(DatasourceConnectionProviderImpl.java:139)
	org.hibernate.internal.AbstractSessionImpl$NonContextualJdbcConnectionAccess.obtainConnection(AbstractSessionImpl.java:380)
	org.hibernate.engine.jdbc.internal.LogicalConnectionImpl.obtainConnection(LogicalConnectionImpl.java:228)
	org.hibernate.engine.jdbc.internal.LogicalConnectionImpl.getConnection(LogicalConnectionImpl.java:171)
	org.hibernate.internal.SessionImpl.connection(SessionImpl.java:450)
	org.springframework.orm.hibernate4.HibernateTransactionManager.doBegin(HibernateTransactionManager.java:429)
	org.springframework.transaction.support.AbstractPlatformTransactionManager.getTransaction(AbstractPlatformTransactionManager.java:373)
	org.springframework.transaction.interceptor.TransactionAspectSupport.createTransactionIfNecessary(TransactionAspectSupport.java:420)
	org.springframework.transaction.interceptor.TransactionAspectSupport.invokeWithinTransaction(TransactionAspectSupport.java:257)
	org.springframework.transaction.interceptor.TransactionInterceptor.invoke(TransactionInterceptor.java:95)
	org.springframework.aop.framework.ReflectiveMethodInvocation.proceed(ReflectiveMethodInvocation.java:179)
	org.springframework.aop.framework.JdkDynamicAopProxy.invoke(JdkDynamicAopProxy.java:207)
	com.sun.proxy.$Proxy32.ingresarTurno(Unknown Source)
	com.turneroapp.rest.TurnoController.ingresarTurno(TurnoController.java:201)
	sun.reflect.NativeMethodAccessorImpl.invoke0(Native Method)
	sun.reflect.NativeMethodAccessorImpl.invoke(Unknown Source)
	sun.reflect.DelegatingMethodAccessorImpl.invoke(Unknown Source)
	java.lang.reflect.Method.invoke(Unknown Source)
	org.springframework.web.method.support.InvocableHandlerMethod.invoke(InvocableHandlerMethod.java:215)
	org.springframework.web.method.support.InvocableHandlerMethod.invokeForRequest(InvocableHandlerMethod.java:132)
	org.springframework.web.servlet.mvc.method.annotation.ServletInvocableHandlerMethod.invokeAndHandle(ServletInvocableHandlerMethod.java:104)
	org.springframework.web.servlet.mvc.method.annotation.RequestMappingHandlerAdapter.invokeHandleMethod(RequestMappingHandlerAdapter.java:749)
	org.springframework.web.servlet.mvc.method.annotation.RequestMappingHandlerAdapter.handleInternal(RequestMappingHandlerAdapter.java:689)
	org.springframework.web.servlet.mvc.method.AbstractHandlerMethodAdapter.handle(AbstractHandlerMethodAdapter.java:83)
	org.springframework.web.servlet.DispatcherServlet.doDispatch(DispatcherServlet.java:938)
	org.springframework.web.servlet.DispatcherServlet.doService(DispatcherServlet.java:870)
	org.springframework.web.servlet.FrameworkServlet.processRequest(FrameworkServlet.java:961)
	org.springframework.web.servlet.FrameworkServlet.doGet(FrameworkServlet.java:852)
	javax.servlet.http.HttpServlet.service(HttpServlet.java:624)
	org.springframework.web.servlet.FrameworkServlet.service(FrameworkServlet.java:837)
	javax.servlet.http.HttpServlet.service(HttpServlet.java:731)
	org.apache.tomcat.websocket.server.WsFilter.doFilter(WsFilter.java:52)
	org.springframework.orm.hibernate4.support.OpenSessionInViewFilter.doFilterInternal(OpenSessionInViewFilter.java:152)
	org.springframework.web.filter.OncePerRequestFilter.doFilter(OncePerRequestFilter.java:108)
</pre></p><p><b>causa raíz</b> <pre>com.mysql.jdbc.exceptions.jdbc4.CommunicationsException: Communications link failure

The last packet sent successfully to the server was 0 milliseconds ago. The driver has not received any packets from the server.
	sun.reflect.NativeConstructorAccessorImpl.newInstance0(Native Method)
	sun.reflect.NativeConstructorAccessorImpl.newInstance(Unknown Source)
	sun.reflect.DelegatingConstructorAccessorImpl.newInstance(Unknown Source)
	java.lang.reflect.Constructor.newInstance(Unknown Source)
	com.mysql.jdbc.Util.handleNewInstance(Util.java:409)
	com.mysql.jdbc.SQLError.createCommunicationsException(SQLError.java:1127)
	com.mysql.jdbc.MysqlIO.&lt;init&gt;(MysqlIO.java:356)
	com.mysql.jdbc.ConnectionImpl.coreConnect(ConnectionImpl.java:2502)
	com.mysql.jdbc.ConnectionImpl.connectOneTryOnly(ConnectionImpl.java:2539)
	com.mysql.jdbc.ConnectionImpl.createNewIO(ConnectionImpl.java:2321)
	com.mysql.jdbc.ConnectionImpl.&lt;init&gt;(ConnectionImpl.java:832)
	com.mysql.jdbc.JDBC4Connection.&lt;init&gt;(JDBC4Connection.java:46)
	sun.reflect.NativeConstructorAccessorImpl.newInstance0(Native Method)
	sun.reflect.NativeConstructorAccessorImpl.newInstance(Unknown Source)
	sun.reflect.DelegatingConstructorAccessorImpl.newInstance(Unknown Source)
	java.lang.reflect.Constructor.newInstance(Unknown Source)
	com.mysql.jdbc.Util.handleNewInstance(Util.java:409)
	com.mysql.jdbc.ConnectionImpl.getInstance(ConnectionImpl.java:417)
	com.mysql.jdbc.NonRegisteringDriver.connect(NonRegisteringDriver.java:344)
	org.apache.commons.dbcp2.DriverConnectionFactory.createConnection(DriverConnectionFactory.java:39)
	org.apache.commons.dbcp2.PoolableConnectionFactory.makeObject(PoolableConnectionFactory.java:205)
	org.apache.commons.dbcp2.BasicDataSource.validateConnectionFactory(BasicDataSource.java:2162)
	org.apache.commons.dbcp2.BasicDataSource.createPoolableConnectionFactory(BasicDataSource.java:2148)
	org.apache.commons.dbcp2.BasicDataSource.createDataSource(BasicDataSource.java:1903)
	org.apache.commons.dbcp2.BasicDataSource.getConnection(BasicDataSource.java:1413)
	org.hibernate.engine.jdbc.connections.internal.DatasourceConnectionProviderImpl.getConnection(DatasourceConnectionProviderImpl.java:139)
	org.hibernate.internal.AbstractSessionImpl$NonContextualJdbcConnectionAccess.obtainConnection(AbstractSessionImpl.java:380)
	org.hibernate.engine.jdbc.internal.LogicalConnectionImpl.obtainConnection(LogicalConnectionImpl.java:228)
	org.hibernate.engine.jdbc.internal.LogicalConnectionImpl.getConnection(LogicalConnectionImpl.java:171)
	org.hibernate.internal.SessionImpl.connection(SessionImpl.java:450)
	org.springframework.orm.hibernate4.HibernateTransactionManager.doBegin(HibernateTransactionManager.java:429)
	org.springframework.transaction.support.AbstractPlatformTransactionManager.getTransaction(AbstractPlatformTransactionManager.java:373)
	org.springframework.transaction.interceptor.TransactionAspectSupport.createTransactionIfNecessary(TransactionAspectSupport.java:420)
	org.springframework.transaction.interceptor.TransactionAspectSupport.invokeWithinTransaction(TransactionAspectSupport.java:257)
	org.springframework.transaction.interceptor.TransactionInterceptor.invoke(TransactionInterceptor.java:95)
	org.springframework.aop.framework.ReflectiveMethodInvocation.proceed(ReflectiveMethodInvocation.java:179)
	org.springframework.aop.framework.JdkDynamicAopProxy.invoke(JdkDynamicAopProxy.java:207)
	com.sun.proxy.$Proxy32.ingresarTurno(Unknown Source)
	com.turneroapp.rest.TurnoController.ingresarTurno(TurnoController.java:201)
	sun.reflect.NativeMethodAccessorImpl.invoke0(Native Method)
	sun.reflect.NativeMethodAccessorImpl.invoke(Unknown Source)
	sun.reflect.DelegatingMethodAccessorImpl.invoke(Unknown Source)
	java.lang.reflect.Method.invoke(Unknown Source)
	org.springframework.web.method.support.InvocableHandlerMethod.invoke(InvocableHandlerMethod.java:215)
	org.springframework.web.method.support.InvocableHandlerMethod.invokeForRequest(InvocableHandlerMethod.java:132)
	org.springframework.web.servlet.mvc.method.annotation.ServletInvocableHandlerMethod.invokeAndHandle(ServletInvocableHandlerMethod.java:104)
	org.springframework.web.servlet.mvc.method.annotation.RequestMappingHandlerAdapter.invokeHandleMethod(RequestMappingHandlerAdapter.java:749)
	org.springframework.web.servlet.mvc.method.annotation.RequestMappingHandlerAdapter.handleInternal(RequestMappingHandlerAdapter.java:689)
	org.springframework.web.servlet.mvc.method.AbstractHandlerMethodAdapter.handle(AbstractHandlerMethodAdapter.java:83)
	org.springframework.web.servlet.DispatcherServlet.doDispatch(DispatcherServlet.java:938)
	org.springframework.web.servlet.DispatcherServlet.doService(DispatcherServlet.java:870)
	org.springframework.web.servlet.FrameworkServlet.processRequest(FrameworkServlet.java:961)
	org.springframework.web.servlet.FrameworkServlet.doGet(FrameworkServlet.java:852)
	javax.servlet.http.HttpServlet.service(HttpServlet.java:624)
	org.springframework.web.servlet.FrameworkServlet.service(FrameworkServlet.java:837)
	javax.servlet.http.HttpServlet.service(HttpServlet.java:731)
	org.apache.tomcat.websocket.server.WsFilter.doFilter(WsFilter.java:52)
	org.springframework.orm.hibernate4.support.OpenSessionInViewFilter.doFilterInternal(OpenSessionInViewFilter.java:152)
	org.springframework.web.filter.OncePerRequestFilter.doFilter(OncePerRequestFilter.java:108)
</pre></p><p><b>causa raíz</b> <pre>java.net.ConnectException: Connection refused: connect
	java.net.DualStackPlainSocketImpl.connect0(Native Method)
	java.net.DualStackPlainSocketImpl.socketConnect(Unknown Source)
	java.net.AbstractPlainSocketImpl.doConnect(Unknown Source)
	java.net.AbstractPlainSocketImpl.connectToAddress(Unknown Source)
	java.net.AbstractPlainSocketImpl.connect(Unknown Source)
	java.net.PlainSocketImpl.connect(Unknown Source)
	java.net.SocksSocketImpl.connect(Unknown Source)
	java.net.Socket.connect(Unknown Source)
	java.net.Socket.connect(Unknown Source)
	java.net.Socket.&lt;init&gt;(Unknown Source)
	java.net.Socket.&lt;init&gt;(Unknown Source)
	com.mysql.jdbc.StandardSocketFactory.connect(StandardSocketFactory.java:258)
	com.mysql.jdbc.MysqlIO.&lt;init&gt;(MysqlIO.java:306)
	com.mysql.jdbc.ConnectionImpl.coreConnect(ConnectionImpl.java:2502)
	com.mysql.jdbc.ConnectionImpl.connectOneTryOnly(ConnectionImpl.java:2539)
	com.mysql.jdbc.ConnectionImpl.createNewIO(ConnectionImpl.java:2321)
	com.mysql.jdbc.ConnectionImpl.&lt;init&gt;(ConnectionImpl.java:832)
	com.mysql.jdbc.JDBC4Connection.&lt;init&gt;(JDBC4Connection.java:46)
	sun.reflect.NativeConstructorAccessorImpl.newInstance0(Native Method)
	sun.reflect.NativeConstructorAccessorImpl.newInstance(Unknown Source)
	sun.reflect.DelegatingConstructorAccessorImpl.newInstance(Unknown Source)
	java.lang.reflect.Constructor.newInstance(Unknown Source)
	com.mysql.jdbc.Util.handleNewInstance(Util.java:409)
	com.mysql.jdbc.ConnectionImpl.getInstance(ConnectionImpl.java:417)
	com.mysql.jdbc.NonRegisteringDriver.connect(NonRegisteringDriver.java:344)
	org.apache.commons.dbcp2.DriverConnectionFactory.createConnection(DriverConnectionFactory.java:39)
	org.apache.commons.dbcp2.PoolableConnectionFactory.makeObject(PoolableConnectionFactory.java:205)
	org.apache.commons.dbcp2.BasicDataSource.validateConnectionFactory(BasicDataSource.java:2162)
	org.apache.commons.dbcp2.BasicDataSource.createPoolableConnectionFactory(BasicDataSource.java:2148)
	org.apache.commons.dbcp2.BasicDataSource.createDataSource(BasicDataSource.java:1903)
	org.apache.commons.dbcp2.BasicDataSource.getConnection(BasicDataSource.java:1413)
	org.hibernate.engine.jdbc.connections.internal.DatasourceConnectionProviderImpl.getConnection(DatasourceConnectionProviderImpl.java:139)
	org.hibernate.internal.AbstractSessionImpl$NonContextualJdbcConnectionAccess.obtainConnection(AbstractSessionImpl.java:380)
	org.hibernate.engine.jdbc.internal.LogicalConnectionImpl.obtainConnection(LogicalConnectionImpl.java:228)
	org.hibernate.engine.jdbc.internal.LogicalConnectionImpl.getConnection(LogicalConnectionImpl.java:171)
	org.hibernate.internal.SessionImpl.connection(SessionImpl.java:450)
	org.springframework.orm.hibernate4.HibernateTransactionManager.doBegin(HibernateTransactionManager.java:429)
	org.springframework.transaction.support.AbstractPlatformTransactionManager.getTransaction(AbstractPlatformTransactionManager.java:373)
	org.springframework.transaction.interceptor.TransactionAspectSupport.createTransactionIfNecessary(TransactionAspectSupport.java:420)
	org.springframework.transaction.interceptor.TransactionAspectSupport.invokeWithinTransaction(TransactionAspectSupport.java:257)
	org.springframework.transaction.interceptor.TransactionInterceptor.invoke(TransactionInterceptor.java:95)
	org.springframework.aop.framework.ReflectiveMethodInvocation.proceed(ReflectiveMethodInvocation.java:179)
	org.springframework.aop.framework.JdkDynamicAopProxy.invoke(JdkDynamicAopProxy.java:207)
	com.sun.proxy.$Proxy32.ingresarTurno(Unknown Source)
	com.turneroapp.rest.TurnoController.ingresarTurno(TurnoController.java:201)
	sun.reflect.NativeMethodAccessorImpl.invoke0(Native Method)
	sun.reflect.NativeMethodAccessorImpl.invoke(Unknown Source)
	sun.reflect.DelegatingMethodAccessorImpl.invoke(Unknown Source)
	java.lang.reflect.Method.invoke(Unknown Source)
	org.springframework.web.method.support.InvocableHandlerMethod.invoke(InvocableHandlerMethod.java:215)
	org.springframework.web.method.support.InvocableHandlerMethod.invokeForRequest(InvocableHandlerMethod.java:132)
	org.springframework.web.servlet.mvc.method.annotation.ServletInvocableHandlerMethod.invokeAndHandle(ServletInvocableHandlerMethod.java:104)
	org.springframework.web.servlet.mvc.method.annotation.RequestMappingHandlerAdapter.invokeHandleMethod(RequestMappingHandlerAdapter.java:749)
	org.springframework.web.servlet.mvc.method.annotation.RequestMappingHandlerAdapter.handleInternal(RequestMappingHandlerAdapter.java:689)
	org.springframework.web.servlet.mvc.method.AbstractHandlerMethodAdapter.handle(AbstractHandlerMethodAdapter.java:83)
	org.springframework.web.servlet.DispatcherServlet.doDispatch(DispatcherServlet.java:938)
	org.springframework.web.servlet.DispatcherServlet.doService(DispatcherServlet.java:870)
	org.springframework.web.servlet.FrameworkServlet.processRequest(FrameworkServlet.java:961)
	org.springframework.web.servlet.FrameworkServlet.doGet(FrameworkServlet.java:852)
	javax.servlet.http.HttpServlet.service(HttpServlet.java:624)
	org.springframework.web.servlet.FrameworkServlet.service(FrameworkServlet.java:837)
	javax.servlet.http.HttpServlet.service(HttpServlet.java:731)
	org.apache.tomcat.websocket.server.WsFilter.doFilter(WsFilter.java:52)
	org.springframework.orm.hibernate4.support.OpenSessionInViewFilter.doFilterInternal(OpenSessionInViewFilter.java:152)
	org.springframework.web.filter.OncePerRequestFilter.doFilter(OncePerRequestFilter.java:108)
</pre></p><p><b>nota</b> <u>La traza completa de la causa de este error se encuentra en los archivos de diario de Apache Tomcat/7.0.77.</u></p><HR size="1" noshade="noshade"><h3>Apache Tomcat/7.0.77</h3></body></html>
2017-05-16 09:41:30,627 INFO 
2017-05-16 09:41:30,628 INFO Solicitud: http://localhost:6080/restTurneroApp/turno/ingresarTurno?idSucursal=1&idTramite=1
2017-05-16 09:41:32,658 INFO Respuesta: <html><head><title>Apache Tomcat/7.0.77 - Informe de Error</title><style><!--H1 {font-family:Tahoma,Arial,sans-serif;color:white;background-color:#525D76;font-size:22px;} H2 {font-family:Tahoma,Arial,sans-serif;color:white;background-color:#525D76;font-size:16px;} H3 {font-family:Tahoma,Arial,sans-serif;color:white;background-color:#525D76;font-size:14px;} BODY {font-family:Tahoma,Arial,sans-serif;color:black;background-color:white;} B {font-family:Tahoma,Arial,sans-serif;color:white;background-color:#525D76;} P {font-family:Tahoma,Arial,sans-serif;background:white;color:black;font-size:12px;}A {color : black;}A.name {color : black;}HR {color : #525D76;}--></style> </head><body><h1>Estado HTTP 500 - Request processing failed; nested exception is org.springframework.transaction.CannotCreateTransactionException: Could not open Hibernate Session for transaction; nested exception is org.hibernate.exception.GenericJDBCException: Could not open connection</h1><HR size="1" noshade="noshade"><p><b>type</b> Informe de Excepción</p><p><b>mensaje</b> <u>Request processing failed; nested exception is org.springframework.transaction.CannotCreateTransactionException: Could not open Hibernate Session for transaction; nested exception is org.hibernate.exception.GenericJDBCException: Could not open connection</u></p><p><b>descripción</b> <u>El servidor encontró un error interno que hizo que no pudiera rellenar este requerimiento.</u></p><p><b>excepción</b> <pre>org.springframework.web.util.NestedServletException: Request processing failed; nested exception is org.springframework.transaction.CannotCreateTransactionException: Could not open Hibernate Session for transaction; nested exception is org.hibernate.exception.GenericJDBCException: Could not open connection
	org.springframework.web.servlet.FrameworkServlet.processRequest(FrameworkServlet.java:973)
	org.springframework.web.servlet.FrameworkServlet.doGet(FrameworkServlet.java:852)
	javax.servlet.http.HttpServlet.service(HttpServlet.java:624)
	org.springframework.web.servlet.FrameworkServlet.service(FrameworkServlet.java:837)
	javax.servlet.http.HttpServlet.service(HttpServlet.java:731)
	org.apache.tomcat.websocket.server.WsFilter.doFilter(WsFilter.java:52)
	org.springframework.orm.hibernate4.support.OpenSessionInViewFilter.doFilterInternal(OpenSessionInViewFilter.java:152)
	org.springframework.web.filter.OncePerRequestFilter.doFilter(OncePerRequestFilter.java:108)
</pre></p><p><b>causa raíz</b> <pre>org.springframework.transaction.CannotCreateTransactionException: Could not open Hibernate Session for transaction; nested exception is org.hibernate.exception.GenericJDBCException: Could not open connection
	org.springframework.orm.hibernate4.HibernateTransactionManager.doBegin(HibernateTransactionManager.java:515)
	org.springframework.transaction.support.AbstractPlatformTransactionManager.getTransaction(AbstractPlatformTransactionManager.java:373)
	org.springframework.transaction.interceptor.TransactionAspectSupport.createTransactionIfNecessary(TransactionAspectSupport.java:420)
	org.springframework.transaction.interceptor.TransactionAspectSupport.invokeWithinTransaction(TransactionAspectSupport.java:257)
	org.springframework.transaction.interceptor.TransactionInterceptor.invoke(TransactionInterceptor.java:95)
	org.springframework.aop.framework.ReflectiveMethodInvocation.proceed(ReflectiveMethodInvocation.java:179)
	org.springframework.aop.framework.JdkDynamicAopProxy.invoke(JdkDynamicAopProxy.java:207)
	com.sun.proxy.$Proxy32.ingresarTurno(Unknown Source)
	com.turneroapp.rest.TurnoController.ingresarTurno(TurnoController.java:201)
	sun.reflect.NativeMethodAccessorImpl.invoke0(Native Method)
	sun.reflect.NativeMethodAccessorImpl.invoke(Unknown Source)
	sun.reflect.DelegatingMethodAccessorImpl.invoke(Unknown Source)
	java.lang.reflect.Method.invoke(Unknown Source)
	org.springframework.web.method.support.InvocableHandlerMethod.invoke(InvocableHandlerMethod.java:215)
	org.springframework.web.method.support.InvocableHandlerMethod.invokeForRequest(InvocableHandlerMethod.java:132)
	org.springframework.web.servlet.mvc.method.annotation.ServletInvocableHandlerMethod.invokeAndHandle(ServletInvocableHandlerMethod.java:104)
	org.springframework.web.servlet.mvc.method.annotation.RequestMappingHandlerAdapter.invokeHandleMethod(RequestMappingHandlerAdapter.java:749)
	org.springframework.web.servlet.mvc.method.annotation.RequestMappingHandlerAdapter.handleInternal(RequestMappingHandlerAdapter.java:689)
	org.springframework.web.servlet.mvc.method.AbstractHandlerMethodAdapter.handle(AbstractHandlerMethodAdapter.java:83)
	org.springframework.web.servlet.DispatcherServlet.doDispatch(DispatcherServlet.java:938)
	org.springframework.web.servlet.DispatcherServlet.doService(DispatcherServlet.java:870)
	org.springframework.web.servlet.FrameworkServlet.processRequest(FrameworkServlet.java:961)
	org.springframework.web.servlet.FrameworkServlet.doGet(FrameworkServlet.java:852)
	javax.servlet.http.HttpServlet.service(HttpServlet.java:624)
	org.springframework.web.servlet.FrameworkServlet.service(FrameworkServlet.java:837)
	javax.servlet.http.HttpServlet.service(HttpServlet.java:731)
	org.apache.tomcat.websocket.server.WsFilter.doFilter(WsFilter.java:52)
	org.springframework.orm.hibernate4.support.OpenSessionInViewFilter.doFilterInternal(OpenSessionInViewFilter.java:152)
	org.springframework.web.filter.OncePerRequestFilter.doFilter(OncePerRequestFilter.java:108)
</pre></p><p><b>causa raíz</b> <pre>org.hibernate.exception.GenericJDBCException: Could not open connection
	org.hibernate.exception.internal.StandardSQLExceptionConverter.convert(StandardSQLExceptionConverter.java:54)
	org.hibernate.engine.jdbc.spi.SqlExceptionHelper.convert(SqlExceptionHelper.java:126)
	org.hibernate.engine.jdbc.spi.SqlExceptionHelper.convert(SqlExceptionHelper.java:112)
	org.hibernate.engine.jdbc.internal.LogicalConnectionImpl.obtainConnection(LogicalConnectionImpl.java:235)
	org.hibernate.engine.jdbc.internal.LogicalConnectionImpl.getConnection(LogicalConnectionImpl.java:171)
	org.hibernate.internal.SessionImpl.connection(SessionImpl.java:450)
	org.springframework.orm.hibernate4.HibernateTransactionManager.doBegin(HibernateTransactionManager.java:429)
	org.springframework.transaction.support.AbstractPlatformTransactionManager.getTransaction(AbstractPlatformTransactionManager.java:373)
	org.springframework.transaction.interceptor.TransactionAspectSupport.createTransactionIfNecessary(TransactionAspectSupport.java:420)
	org.springframework.transaction.interceptor.TransactionAspectSupport.invokeWithinTransaction(TransactionAspectSupport.java:257)
	org.springframework.transaction.interceptor.TransactionInterceptor.invoke(TransactionInterceptor.java:95)
	org.springframework.aop.framework.ReflectiveMethodInvocation.proceed(ReflectiveMethodInvocation.java:179)
	org.springframework.aop.framework.JdkDynamicAopProxy.invoke(JdkDynamicAopProxy.java:207)
	com.sun.proxy.$Proxy32.ingresarTurno(Unknown Source)
	com.turneroapp.rest.TurnoController.ingresarTurno(TurnoController.java:201)
	sun.reflect.NativeMethodAccessorImpl.invoke0(Native Method)
	sun.reflect.NativeMethodAccessorImpl.invoke(Unknown Source)
	sun.reflect.DelegatingMethodAccessorImpl.invoke(Unknown Source)
	java.lang.reflect.Method.invoke(Unknown Source)
	org.springframework.web.method.support.InvocableHandlerMethod.invoke(InvocableHandlerMethod.java:215)
	org.springframework.web.method.support.InvocableHandlerMethod.invokeForRequest(InvocableHandlerMethod.java:132)
	org.springframework.web.servlet.mvc.method.annotation.ServletInvocableHandlerMethod.invokeAndHandle(ServletInvocableHandlerMethod.java:104)
	org.springframework.web.servlet.mvc.method.annotation.RequestMappingHandlerAdapter.invokeHandleMethod(RequestMappingHandlerAdapter.java:749)
	org.springframework.web.servlet.mvc.method.annotation.RequestMappingHandlerAdapter.handleInternal(RequestMappingHandlerAdapter.java:689)
	org.springframework.web.servlet.mvc.method.AbstractHandlerMethodAdapter.handle(AbstractHandlerMethodAdapter.java:83)
	org.springframework.web.servlet.DispatcherServlet.doDispatch(DispatcherServlet.java:938)
	org.springframework.web.servlet.DispatcherServlet.doService(DispatcherServlet.java:870)
	org.springframework.web.servlet.FrameworkServlet.processRequest(FrameworkServlet.java:961)
	org.springframework.web.servlet.FrameworkServlet.doGet(FrameworkServlet.java:852)
	javax.servlet.http.HttpServlet.service(HttpServlet.java:624)
	org.springframework.web.servlet.FrameworkServlet.service(FrameworkServlet.java:837)
	javax.servlet.http.HttpServlet.service(HttpServlet.java:731)
	org.apache.tomcat.websocket.server.WsFilter.doFilter(WsFilter.java:52)
	org.springframework.orm.hibernate4.support.OpenSessionInViewFilter.doFilterInternal(OpenSessionInViewFilter.java:152)
	org.springframework.web.filter.OncePerRequestFilter.doFilter(OncePerRequestFilter.java:108)
</pre></p><p><b>causa raíz</b> <pre>java.sql.SQLException: Cannot create PoolableConnectionFactory (Communications link failure

The last packet sent successfully to the server was 0 milliseconds ago. The driver has not received any packets from the server.)
	org.apache.commons.dbcp2.BasicDataSource.createPoolableConnectionFactory(BasicDataSource.java:2152)
	org.apache.commons.dbcp2.BasicDataSource.createDataSource(BasicDataSource.java:1903)
	org.apache.commons.dbcp2.BasicDataSource.getConnection(BasicDataSource.java:1413)
	org.hibernate.engine.jdbc.connections.internal.DatasourceConnectionProviderImpl.getConnection(DatasourceConnectionProviderImpl.java:139)
	org.hibernate.internal.AbstractSessionImpl$NonContextualJdbcConnectionAccess.obtainConnection(AbstractSessionImpl.java:380)
	org.hibernate.engine.jdbc.internal.LogicalConnectionImpl.obtainConnection(LogicalConnectionImpl.java:228)
	org.hibernate.engine.jdbc.internal.LogicalConnectionImpl.getConnection(LogicalConnectionImpl.java:171)
	org.hibernate.internal.SessionImpl.connection(SessionImpl.java:450)
	org.springframework.orm.hibernate4.HibernateTransactionManager.doBegin(HibernateTransactionManager.java:429)
	org.springframework.transaction.support.AbstractPlatformTransactionManager.getTransaction(AbstractPlatformTransactionManager.java:373)
	org.springframework.transaction.interceptor.TransactionAspectSupport.createTransactionIfNecessary(TransactionAspectSupport.java:420)
	org.springframework.transaction.interceptor.TransactionAspectSupport.invokeWithinTransaction(TransactionAspectSupport.java:257)
	org.springframework.transaction.interceptor.TransactionInterceptor.invoke(TransactionInterceptor.java:95)
	org.springframework.aop.framework.ReflectiveMethodInvocation.proceed(ReflectiveMethodInvocation.java:179)
	org.springframework.aop.framework.JdkDynamicAopProxy.invoke(JdkDynamicAopProxy.java:207)
	com.sun.proxy.$Proxy32.ingresarTurno(Unknown Source)
	com.turneroapp.rest.TurnoController.ingresarTurno(TurnoController.java:201)
	sun.reflect.NativeMethodAccessorImpl.invoke0(Native Method)
	sun.reflect.NativeMethodAccessorImpl.invoke(Unknown Source)
	sun.reflect.DelegatingMethodAccessorImpl.invoke(Unknown Source)
	java.lang.reflect.Method.invoke(Unknown Source)
	org.springframework.web.method.support.InvocableHandlerMethod.invoke(InvocableHandlerMethod.java:215)
	org.springframework.web.method.support.InvocableHandlerMethod.invokeForRequest(InvocableHandlerMethod.java:132)
	org.springframework.web.servlet.mvc.method.annotation.ServletInvocableHandlerMethod.invokeAndHandle(ServletInvocableHandlerMethod.java:104)
	org.springframework.web.servlet.mvc.method.annotation.RequestMappingHandlerAdapter.invokeHandleMethod(RequestMappingHandlerAdapter.java:749)
	org.springframework.web.servlet.mvc.method.annotation.RequestMappingHandlerAdapter.handleInternal(RequestMappingHandlerAdapter.java:689)
	org.springframework.web.servlet.mvc.method.AbstractHandlerMethodAdapter.handle(AbstractHandlerMethodAdapter.java:83)
	org.springframework.web.servlet.DispatcherServlet.doDispatch(DispatcherServlet.java:938)
	org.springframework.web.servlet.DispatcherServlet.doService(DispatcherServlet.java:870)
	org.springframework.web.servlet.FrameworkServlet.processRequest(FrameworkServlet.java:961)
	org.springframework.web.servlet.FrameworkServlet.doGet(FrameworkServlet.java:852)
	javax.servlet.http.HttpServlet.service(HttpServlet.java:624)
	org.springframework.web.servlet.FrameworkServlet.service(FrameworkServlet.java:837)
	javax.servlet.http.HttpServlet.service(HttpServlet.java:731)
	org.apache.tomcat.websocket.server.WsFilter.doFilter(WsFilter.java:52)
	org.springframework.orm.hibernate4.support.OpenSessionInViewFilter.doFilterInternal(OpenSessionInViewFilter.java:152)
	org.springframework.web.filter.OncePerRequestFilter.doFilter(OncePerRequestFilter.java:108)
</pre></p><p><b>causa raíz</b> <pre>com.mysql.jdbc.exceptions.jdbc4.CommunicationsException: Communications link failure

The last packet sent successfully to the server was 0 milliseconds ago. The driver has not received any packets from the server.
	sun.reflect.NativeConstructorAccessorImpl.newInstance0(Native Method)
	sun.reflect.NativeConstructorAccessorImpl.newInstance(Unknown Source)
	sun.reflect.DelegatingConstructorAccessorImpl.newInstance(Unknown Source)
	java.lang.reflect.Constructor.newInstance(Unknown Source)
	com.mysql.jdbc.Util.handleNewInstance(Util.java:409)
	com.mysql.jdbc.SQLError.createCommunicationsException(SQLError.java:1127)
	com.mysql.jdbc.MysqlIO.&lt;init&gt;(MysqlIO.java:356)
	com.mysql.jdbc.ConnectionImpl.coreConnect(ConnectionImpl.java:2502)
	com.mysql.jdbc.ConnectionImpl.connectOneTryOnly(ConnectionImpl.java:2539)
	com.mysql.jdbc.ConnectionImpl.createNewIO(ConnectionImpl.java:2321)
	com.mysql.jdbc.ConnectionImpl.&lt;init&gt;(ConnectionImpl.java:832)
	com.mysql.jdbc.JDBC4Connection.&lt;init&gt;(JDBC4Connection.java:46)
	sun.reflect.NativeConstructorAccessorImpl.newInstance0(Native Method)
	sun.reflect.NativeConstructorAccessorImpl.newInstance(Unknown Source)
	sun.reflect.DelegatingConstructorAccessorImpl.newInstance(Unknown Source)
	java.lang.reflect.Constructor.newInstance(Unknown Source)
	com.mysql.jdbc.Util.handleNewInstance(Util.java:409)
	com.mysql.jdbc.ConnectionImpl.getInstance(ConnectionImpl.java:417)
	com.mysql.jdbc.NonRegisteringDriver.connect(NonRegisteringDriver.java:344)
	org.apache.commons.dbcp2.DriverConnectionFactory.createConnection(DriverConnectionFactory.java:39)
	org.apache.commons.dbcp2.PoolableConnectionFactory.makeObject(PoolableConnectionFactory.java:205)
	org.apache.commons.dbcp2.BasicDataSource.validateConnectionFactory(BasicDataSource.java:2162)
	org.apache.commons.dbcp2.BasicDataSource.createPoolableConnectionFactory(BasicDataSource.java:2148)
	org.apache.commons.dbcp2.BasicDataSource.createDataSource(BasicDataSource.java:1903)
	org.apache.commons.dbcp2.BasicDataSource.getConnection(BasicDataSource.java:1413)
	org.hibernate.engine.jdbc.connections.internal.DatasourceConnectionProviderImpl.getConnection(DatasourceConnectionProviderImpl.java:139)
	org.hibernate.internal.AbstractSessionImpl$NonContextualJdbcConnectionAccess.obtainConnection(AbstractSessionImpl.java:380)
	org.hibernate.engine.jdbc.internal.LogicalConnectionImpl.obtainConnection(LogicalConnectionImpl.java:228)
	org.hibernate.engine.jdbc.internal.LogicalConnectionImpl.getConnection(LogicalConnectionImpl.java:171)
	org.hibernate.internal.SessionImpl.connection(SessionImpl.java:450)
	org.springframework.orm.hibernate4.HibernateTransactionManager.doBegin(HibernateTransactionManager.java:429)
	org.springframework.transaction.support.AbstractPlatformTransactionManager.getTransaction(AbstractPlatformTransactionManager.java:373)
	org.springframework.transaction.interceptor.TransactionAspectSupport.createTransactionIfNecessary(TransactionAspectSupport.java:420)
	org.springframework.transaction.interceptor.TransactionAspectSupport.invokeWithinTransaction(TransactionAspectSupport.java:257)
	org.springframework.transaction.interceptor.TransactionInterceptor.invoke(TransactionInterceptor.java:95)
	org.springframework.aop.framework.ReflectiveMethodInvocation.proceed(ReflectiveMethodInvocation.java:179)
	org.springframework.aop.framework.JdkDynamicAopProxy.invoke(JdkDynamicAopProxy.java:207)
	com.sun.proxy.$Proxy32.ingresarTurno(Unknown Source)
	com.turneroapp.rest.TurnoController.ingresarTurno(TurnoController.java:201)
	sun.reflect.NativeMethodAccessorImpl.invoke0(Native Method)
	sun.reflect.NativeMethodAccessorImpl.invoke(Unknown Source)
	sun.reflect.DelegatingMethodAccessorImpl.invoke(Unknown Source)
	java.lang.reflect.Method.invoke(Unknown Source)
	org.springframework.web.method.support.InvocableHandlerMethod.invoke(InvocableHandlerMethod.java:215)
	org.springframework.web.method.support.InvocableHandlerMethod.invokeForRequest(InvocableHandlerMethod.java:132)
	org.springframework.web.servlet.mvc.method.annotation.ServletInvocableHandlerMethod.invokeAndHandle(ServletInvocableHandlerMethod.java:104)
	org.springframework.web.servlet.mvc.method.annotation.RequestMappingHandlerAdapter.invokeHandleMethod(RequestMappingHandlerAdapter.java:749)
	org.springframework.web.servlet.mvc.method.annotation.RequestMappingHandlerAdapter.handleInternal(RequestMappingHandlerAdapter.java:689)
	org.springframework.web.servlet.mvc.method.AbstractHandlerMethodAdapter.handle(AbstractHandlerMethodAdapter.java:83)
	org.springframework.web.servlet.DispatcherServlet.doDispatch(DispatcherServlet.java:938)
	org.springframework.web.servlet.DispatcherServlet.doService(DispatcherServlet.java:870)
	org.springframework.web.servlet.FrameworkServlet.processRequest(FrameworkServlet.java:961)
	org.springframework.web.servlet.FrameworkServlet.doGet(FrameworkServlet.java:852)
	javax.servlet.http.HttpServlet.service(HttpServlet.java:624)
	org.springframework.web.servlet.FrameworkServlet.service(FrameworkServlet.java:837)
	javax.servlet.http.HttpServlet.service(HttpServlet.java:731)
	org.apache.tomcat.websocket.server.WsFilter.doFilter(WsFilter.java:52)
	org.springframework.orm.hibernate4.support.OpenSessionInViewFilter.doFilterInternal(OpenSessionInViewFilter.java:152)
	org.springframework.web.filter.OncePerRequestFilter.doFilter(OncePerRequestFilter.java:108)
</pre></p><p><b>causa raíz</b> <pre>java.net.ConnectException: Connection refused: connect
	java.net.DualStackPlainSocketImpl.connect0(Native Method)
	java.net.DualStackPlainSocketImpl.socketConnect(Unknown Source)
	java.net.AbstractPlainSocketImpl.doConnect(Unknown Source)
	java.net.AbstractPlainSocketImpl.connectToAddress(Unknown Source)
	java.net.AbstractPlainSocketImpl.connect(Unknown Source)
	java.net.PlainSocketImpl.connect(Unknown Source)
	java.net.SocksSocketImpl.connect(Unknown Source)
	java.net.Socket.connect(Unknown Source)
	java.net.Socket.connect(Unknown Source)
	java.net.Socket.&lt;init&gt;(Unknown Source)
	java.net.Socket.&lt;init&gt;(Unknown Source)
	com.mysql.jdbc.StandardSocketFactory.connect(StandardSocketFactory.java:258)
	com.mysql.jdbc.MysqlIO.&lt;init&gt;(MysqlIO.java:306)
	com.mysql.jdbc.ConnectionImpl.coreConnect(ConnectionImpl.java:2502)
	com.mysql.jdbc.ConnectionImpl.connectOneTryOnly(ConnectionImpl.java:2539)
	com.mysql.jdbc.ConnectionImpl.createNewIO(ConnectionImpl.java:2321)
	com.mysql.jdbc.ConnectionImpl.&lt;init&gt;(ConnectionImpl.java:832)
	com.mysql.jdbc.JDBC4Connection.&lt;init&gt;(JDBC4Connection.java:46)
	sun.reflect.NativeConstructorAccessorImpl.newInstance0(Native Method)
	sun.reflect.NativeConstructorAccessorImpl.newInstance(Unknown Source)
	sun.reflect.DelegatingConstructorAccessorImpl.newInstance(Unknown Source)
	java.lang.reflect.Constructor.newInstance(Unknown Source)
	com.mysql.jdbc.Util.handleNewInstance(Util.java:409)
	com.mysql.jdbc.ConnectionImpl.getInstance(ConnectionImpl.java:417)
	com.mysql.jdbc.NonRegisteringDriver.connect(NonRegisteringDriver.java:344)
	org.apache.commons.dbcp2.DriverConnectionFactory.createConnection(DriverConnectionFactory.java:39)
	org.apache.commons.dbcp2.PoolableConnectionFactory.makeObject(PoolableConnectionFactory.java:205)
	org.apache.commons.dbcp2.BasicDataSource.validateConnectionFactory(BasicDataSource.java:2162)
	org.apache.commons.dbcp2.BasicDataSource.createPoolableConnectionFactory(BasicDataSource.java:2148)
	org.apache.commons.dbcp2.BasicDataSource.createDataSource(BasicDataSource.java:1903)
	org.apache.commons.dbcp2.BasicDataSource.getConnection(BasicDataSource.java:1413)
	org.hibernate.engine.jdbc.connections.internal.DatasourceConnectionProviderImpl.getConnection(DatasourceConnectionProviderImpl.java:139)
	org.hibernate.internal.AbstractSessionImpl$NonContextualJdbcConnectionAccess.obtainConnection(AbstractSessionImpl.java:380)
	org.hibernate.engine.jdbc.internal.LogicalConnectionImpl.obtainConnection(LogicalConnectionImpl.java:228)
	org.hibernate.engine.jdbc.internal.LogicalConnectionImpl.getConnection(LogicalConnectionImpl.java:171)
	org.hibernate.internal.SessionImpl.connection(SessionImpl.java:450)
	org.springframework.orm.hibernate4.HibernateTransactionManager.doBegin(HibernateTransactionManager.java:429)
	org.springframework.transaction.support.AbstractPlatformTransactionManager.getTransaction(AbstractPlatformTransactionManager.java:373)
	org.springframework.transaction.interceptor.TransactionAspectSupport.createTransactionIfNecessary(TransactionAspectSupport.java:420)
	org.springframework.transaction.interceptor.TransactionAspectSupport.invokeWithinTransaction(TransactionAspectSupport.java:257)
	org.springframework.transaction.interceptor.TransactionInterceptor.invoke(TransactionInterceptor.java:95)
	org.springframework.aop.framework.ReflectiveMethodInvocation.proceed(ReflectiveMethodInvocation.java:179)
	org.springframework.aop.framework.JdkDynamicAopProxy.invoke(JdkDynamicAopProxy.java:207)
	com.sun.proxy.$Proxy32.ingresarTurno(Unknown Source)
	com.turneroapp.rest.TurnoController.ingresarTurno(TurnoController.java:201)
	sun.reflect.NativeMethodAccessorImpl.invoke0(Native Method)
	sun.reflect.NativeMethodAccessorImpl.invoke(Unknown Source)
	sun.reflect.DelegatingMethodAccessorImpl.invoke(Unknown Source)
	java.lang.reflect.Method.invoke(Unknown Source)
	org.springframework.web.method.support.InvocableHandlerMethod.invoke(InvocableHandlerMethod.java:215)
	org.springframework.web.method.support.InvocableHandlerMethod.invokeForRequest(InvocableHandlerMethod.java:132)
	org.springframework.web.servlet.mvc.method.annotation.ServletInvocableHandlerMethod.invokeAndHandle(ServletInvocableHandlerMethod.java:104)
	org.springframework.web.servlet.mvc.method.annotation.RequestMappingHandlerAdapter.invokeHandleMethod(RequestMappingHandlerAdapter.java:749)
	org.springframework.web.servlet.mvc.method.annotation.RequestMappingHandlerAdapter.handleInternal(RequestMappingHandlerAdapter.java:689)
	org.springframework.web.servlet.mvc.method.AbstractHandlerMethodAdapter.handle(AbstractHandlerMethodAdapter.java:83)
	org.springframework.web.servlet.DispatcherServlet.doDispatch(DispatcherServlet.java:938)
	org.springframework.web.servlet.DispatcherServlet.doService(DispatcherServlet.java:870)
	org.springframework.web.servlet.FrameworkServlet.processRequest(FrameworkServlet.java:961)
	org.springframework.web.servlet.FrameworkServlet.doGet(FrameworkServlet.java:852)
	javax.servlet.http.HttpServlet.service(HttpServlet.java:624)
	org.springframework.web.servlet.FrameworkServlet.service(FrameworkServlet.java:837)
	javax.servlet.http.HttpServlet.service(HttpServlet.java:731)
	org.apache.tomcat.websocket.server.WsFilter.doFilter(WsFilter.java:52)
	org.springframework.orm.hibernate4.support.OpenSessionInViewFilter.doFilterInternal(OpenSessionInViewFilter.java:152)
	org.springframework.web.filter.OncePerRequestFilter.doFilter(OncePerRequestFilter.java:108)
</pre></p><p><b>nota</b> <u>La traza completa de la causa de este error se encuentra en los archivos de diario de Apache Tomcat/7.0.77.</u></p><HR size="1" noshade="noshade"><h3>Apache Tomcat/7.0.77</h3></body></html>
2017-05-16 09:41:52,868 INFO 
2017-05-16 09:41:52,868 INFO Solicitud: http://localhost:6080/restTurneroApp/turno/ingresarTurno?idSucursal=1&idTramite=1
2017-05-16 09:41:53,237 INFO Respuesta: {"numeroTurno":21,"letraTicket":"F","fechaTurno":"16-05-2017  09:41:53","tiempoEspera":"-"}
2017-05-16 09:41:53,249 INFO Inicio de generacion de Ticket
2017-05-16 09:41:53,305 INFO Fin de generacion de Ticket
2017-05-16 09:41:57,132 INFO 
2017-05-16 09:41:57,132 INFO Solicitud: http://localhost:6080/restTurneroApp/turno/ingresarTurno?idSucursal=1&idTramite=2
2017-05-16 09:41:57,171 INFO Respuesta: {"numeroTurno":324,"letraTicket":"P","fechaTurno":"16-05-2017  09:41:57","tiempoEspera":"-"}
2017-05-16 09:41:57,180 INFO Inicio de generacion de Ticket
2017-05-16 09:41:57,190 INFO Fin de generacion de Ticket
2017-05-16 09:42:00,494 INFO 
2017-05-16 09:42:00,496 INFO Solicitud: http://localhost:6080/restTurneroApp/turno/ingresarTurno?idSucursal=1&idTramite=2
2017-05-16 09:42:00,546 INFO Respuesta: {"numeroTurno":325,"letraTicket":"P","fechaTurno":"16-05-2017  09:42:00","tiempoEspera":"-"}
2017-05-16 09:42:00,562 INFO Inicio de generacion de Ticket
2017-05-16 09:42:00,572 INFO Fin de generacion de Ticket
2017-05-16 09:42:04,010 INFO 
2017-05-16 09:42:04,012 INFO Solicitud: http://localhost:6080/restTurneroApp/turno/ingresarTurno?idSucursal=1&idTramite=1
2017-05-16 09:42:04,038 INFO Respuesta: {"numeroTurno":22,"letraTicket":"F","fechaTurno":"16-05-2017  09:42:04","tiempoEspera":"-"}
2017-05-16 09:42:04,048 INFO Inicio de generacion de Ticket
2017-05-16 09:42:04,055 INFO Fin de generacion de Ticket
2017-05-16 09:42:07,494 INFO 
2017-05-16 09:42:07,494 INFO Solicitud: http://localhost:6080/restTurneroApp/turno/ingresarTurno?idSucursal=1&idTramite=1
2017-05-16 09:42:07,510 INFO Respuesta: {"numeroTurno":23,"letraTicket":"F","fechaTurno":"16-05-2017  09:42:07","tiempoEspera":"-"}
2017-05-16 09:42:07,520 INFO Inicio de generacion de Ticket
2017-05-16 09:42:07,529 INFO Fin de generacion de Ticket
2017-05-16 09:42:10,835 INFO 
2017-05-16 09:42:10,835 INFO Solicitud: http://localhost:6080/restTurneroApp/turno/ingresarTurno?idSucursal=1&idTramite=1
2017-05-16 09:42:10,844 INFO Respuesta: {"numeroTurno":0,"letraTicket":"","fechaTurno":"","tiempoEspera":""}
2017-05-16 09:42:11,075 INFO 
2017-05-16 09:42:11,075 INFO Solicitud: http://localhost:6080/restTurneroApp/turno/ingresarTurno?idSucursal=1&idTramite=1
2017-05-16 09:42:11,108 INFO Respuesta: {"numeroTurno":24,"letraTicket":"F","fechaTurno":"16-05-2017  09:42:11","tiempoEspera":"-"}
2017-05-16 09:42:11,118 INFO Inicio de generacion de Ticket
2017-05-16 09:42:11,128 INFO Fin de generacion de Ticket
2017-05-16 09:42:14,430 INFO 
2017-05-16 09:42:14,431 INFO Solicitud: http://localhost:6080/restTurneroApp/turno/ingresarTurno?idSucursal=1&idTramite=1
2017-05-16 09:42:14,483 INFO Respuesta: {"numeroTurno":25,"letraTicket":"F","fechaTurno":"16-05-2017  09:42:14","tiempoEspera":"-"}
2017-05-16 09:42:14,506 INFO Inicio de generacion de Ticket
2017-05-16 09:42:14,516 INFO Fin de generacion de Ticket
2017-05-16 09:42:17,821 INFO 
2017-05-16 09:42:17,822 INFO Solicitud: http://localhost:6080/restTurneroApp/turno/ingresarTurno?idSucursal=1&idTramite=1
2017-05-16 09:42:17,878 INFO Respuesta: {"numeroTurno":26,"letraTicket":"F","fechaTurno":"16-05-2017  09:42:17","tiempoEspera":"-"}
2017-05-16 09:42:17,894 INFO Inicio de generacion de Ticket
2017-05-16 09:42:17,904 INFO Fin de generacion de Ticket
2017-05-16 09:42:21,451 INFO 
2017-05-16 09:42:21,451 INFO Solicitud: http://localhost:6080/restTurneroApp/turno/ingresarTurno?idSucursal=1&idTramite=1
2017-05-16 09:42:21,482 INFO Respuesta: {"numeroTurno":27,"letraTicket":"F","fechaTurno":"16-05-2017  09:42:21","tiempoEspera":"-"}
2017-05-16 09:42:21,492 INFO Inicio de generacion de Ticket
2017-05-16 09:42:21,500 INFO Fin de generacion de Ticket
2017-05-16 09:42:24,805 INFO 
2017-05-16 09:42:24,805 INFO Solicitud: http://localhost:6080/restTurneroApp/turno/ingresarTurno?idSucursal=1&idTramite=1
2017-05-16 09:42:24,858 INFO Respuesta: {"numeroTurno":28,"letraTicket":"F","fechaTurno":"16-05-2017  09:42:24","tiempoEspera":"-"}
2017-05-16 09:42:24,868 INFO Inicio de generacion de Ticket
2017-05-16 09:42:24,875 INFO Fin de generacion de Ticket
2017-05-16 09:42:28,180 INFO 
2017-05-16 09:42:28,180 INFO Solicitud: http://localhost:6080/restTurneroApp/turno/ingresarTurno?idSucursal=1&idTramite=1
2017-05-16 09:42:28,216 INFO Respuesta: {"numeroTurno":29,"letraTicket":"F","fechaTurno":"16-05-2017  09:42:28","tiempoEspera":"-"}
2017-05-16 09:42:28,226 INFO Inicio de generacion de Ticket
2017-05-16 09:42:28,234 INFO Fin de generacion de Ticket
2017-05-16 09:42:31,539 INFO 
2017-05-16 09:42:31,539 INFO Solicitud: http://localhost:6080/restTurneroApp/turno/ingresarTurno?idSucursal=1&idTramite=1
2017-05-16 09:42:31,591 INFO Respuesta: {"numeroTurno":30,"letraTicket":"F","fechaTurno":"16-05-2017  09:42:31","tiempoEspera":"-"}
2017-05-16 09:42:31,618 INFO Inicio de generacion de Ticket
2017-05-16 09:42:31,627 INFO Fin de generacion de Ticket
2017-05-16 09:42:35,065 INFO 
2017-05-16 09:42:35,065 INFO Solicitud: http://localhost:6080/restTurneroApp/turno/ingresarTurno?idSucursal=1&idTramite=1
2017-05-16 09:42:35,086 INFO Respuesta: {"numeroTurno":31,"letraTicket":"F","fechaTurno":"16-05-2017  09:42:35","tiempoEspera":"-"}
2017-05-16 09:42:35,095 INFO Inicio de generacion de Ticket
2017-05-16 09:42:35,105 INFO Fin de generacion de Ticket
2017-05-16 09:42:38,671 INFO 
2017-05-16 09:42:38,671 INFO Solicitud: http://localhost:6080/restTurneroApp/turno/ingresarTurno?idSucursal=1&idTramite=1
2017-05-16 09:42:38,688 INFO Respuesta: {"numeroTurno":32,"letraTicket":"F","fechaTurno":"16-05-2017  09:42:38","tiempoEspera":"-"}
2017-05-16 09:42:38,697 INFO Inicio de generacion de Ticket
2017-05-16 09:42:38,707 INFO Fin de generacion de Ticket
2017-05-16 09:42:42,009 INFO 
2017-05-16 09:42:42,009 INFO Solicitud: http://localhost:6080/restTurneroApp/turno/ingresarTurno?idSucursal=1&idTramite=1
2017-05-16 09:42:42,053 INFO Respuesta: {"numeroTurno":33,"letraTicket":"F","fechaTurno":"16-05-2017  09:42:42","tiempoEspera":"-"}
2017-05-16 09:42:42,063 INFO Inicio de generacion de Ticket
2017-05-16 09:42:42,072 INFO Fin de generacion de Ticket
2017-05-16 09:43:29,536 INFO 
2017-05-16 09:43:29,536 INFO Inicio de la aplicacion
2017-05-16 09:43:45,713 INFO 
2017-05-16 09:43:45,713 INFO Solicitud: http://localhost:6080/restTurneroApp/turno/ingresarTurno?idSucursal=1&idTramite=2
2017-05-16 09:43:45,766 INFO Respuesta: {"numeroTurno":326,"letraTicket":"P","fechaTurno":"16-05-2017  09:43:45","tiempoEspera":"-"}
2017-05-16 09:43:45,779 INFO Inicio de generacion de Ticket
2017-05-16 09:43:45,796 INFO Fin de generacion de Ticket
2017-05-16 09:43:45,798 INFO Inicio de impresion de Ticket
2017-05-16 09:43:47,897 INFO Salida por except: StartDoc failed
2017-05-16 09:43:47,904 INFO Inicio de generacion de Ticket
2017-05-16 09:43:47,913 INFO Fin de generacion de Ticket
2017-05-16 09:43:47,913 INFO Inicio de impresion de Ticket
2017-05-16 09:43:48,736 INFO Salida por except: StartDoc failed
2017-05-16 09:43:48,743 INFO Inicio de generacion de Ticket
2017-05-16 09:43:48,752 INFO Fin de generacion de Ticket
2017-05-16 09:43:48,752 INFO Inicio de impresion de Ticket
2017-05-16 09:43:55,474 INFO Fin de impresion de Ticket
2017-05-16 09:44:04,108 INFO 
2017-05-16 09:44:04,109 INFO Solicitud: http://localhost:6080/restTurneroApp/turno/ingresarTurno?idSucursal=1&idTramite=1
2017-05-16 09:44:04,160 INFO Respuesta: {"numeroTurno":34,"letraTicket":"F","fechaTurno":"16-05-2017  09:44:04","tiempoEspera":"-"}
2017-05-16 09:44:04,183 INFO Inicio de generacion de Ticket
2017-05-16 09:44:04,194 INFO Fin de generacion de Ticket
2017-05-16 09:44:04,194 INFO Inicio de impresion de Ticket
2017-05-16 09:45:05,200 INFO 
2017-05-16 09:45:05,200 INFO Inicio de la aplicacion
2017-05-16 09:45:07,157 INFO 
2017-05-16 09:45:07,157 INFO Solicitud: http://localhost:6080/restTurneroApp/turno/ingresarTurno?idSucursal=1&idTramite=2
2017-05-16 09:45:07,187 INFO Respuesta: {"numeroTurno":327,"letraTicket":"P","fechaTurno":"16-05-2017  09:45:07","tiempoEspera":"-"}
2017-05-16 09:45:07,197 INFO Inicio de generacion de Ticket
2017-05-16 09:45:07,210 INFO Fin de generacion de Ticket
2017-05-16 09:45:07,210 INFO Inicio de impresion de Ticket
2017-05-16 09:45:10,295 INFO Fin de impresion de Ticket
2017-05-16 09:45:35,168 INFO 
2017-05-16 09:45:35,168 INFO Inicio de la aplicacion
2017-05-16 09:45:36,895 INFO 
2017-05-16 09:45:36,897 INFO Solicitud: http://localhost:6080/restTurneroApp/turno/ingresarTurno?idSucursal=1&idTramite=2
2017-05-16 09:45:36,940 INFO Respuesta: {"numeroTurno":328,"letraTicket":"P","fechaTurno":"16-05-2017  09:45:36","tiempoEspera":"-"}
2017-05-16 09:45:36,950 INFO Inicio de generacion de Ticket
2017-05-16 09:45:36,963 INFO Fin de generacion de Ticket
2017-05-16 09:45:40,664 INFO 
2017-05-16 09:45:40,664 INFO Solicitud: http://localhost:6080/restTurneroApp/turno/ingresarTurno?idSucursal=1&idTramite=1
2017-05-16 09:45:40,680 INFO Respuesta: {"numeroTurno":35,"letraTicket":"F","fechaTurno":"16-05-2017  09:45:40","tiempoEspera":"-"}
2017-05-16 09:45:40,690 INFO Inicio de generacion de Ticket
2017-05-16 09:45:40,698 INFO Fin de generacion de Ticket
2017-05-16 13:39:33,694 INFO 
2017-05-16 13:39:33,696 INFO Inicio de la aplicacion
2017-05-16 13:39:35,107 INFO 
2017-05-16 13:39:35,107 INFO Solicitud: http://localhost:6080/restTurneroApp/turno/ingresarTurno?idSucursal=1&idTramite=1
2017-05-16 13:39:35,539 INFO Respuesta: {"numeroTurno":36,"letraTicket":"F","fechaTurno":"16-05-2017  13:39:35","tiempoEspera":"-"}
2017-05-16 13:39:35,549 INFO Inicio de generacion de Ticket
2017-05-16 13:39:35,608 INFO Fin de generacion de Ticket
2017-05-16 13:39:40,211 INFO 
2017-05-16 13:39:40,211 INFO Solicitud: http://localhost:6080/restTurneroApp/turno/ingresarTurno?idSucursal=1&idTramite=1
2017-05-16 13:39:40,256 INFO Respuesta: {"numeroTurno":37,"letraTicket":"F","fechaTurno":"16-05-2017  13:39:40","tiempoEspera":"-"}
2017-05-16 13:39:40,267 INFO Inicio de generacion de Ticket
2017-05-16 13:39:40,276 INFO Fin de generacion de Ticket
