2017-05-26 19:26:19,341 INFO 
2017-05-26 19:26:19,341 INFO Inicio de la aplicacion
2017-05-26 19:26:21,407 INFO 
2017-05-26 19:26:21,407 INFO Solicitud: http://localhost:6080/restTurneroApp/turno/ingresarTurno?idSucursal=1&idTramite=1
2017-05-26 19:26:23,457 INFO Salida por except: HTTPConnectionPool(host='localhost', port=6080): Max retries exceeded with url: /restTurneroApp/turno/ingresarTurno?idSucursal=1&idTramite=1 (Caused by NewConnectionError('<requests.packages.urllib3.connection.HTTPConnection object at 0x06B2EC90>: Failed to establish a new connection: [Errno 10061] No se puede establecer una conexi\xf3n ya que el equipo de destino deneg\xf3 expresamente dicha conexi\xf3n',))
2017-05-26 19:26:25,576 INFO 
2017-05-26 19:26:25,578 INFO Solicitud: http://localhost:6080/restTurneroApp/turno/ingresarTurno?idSucursal=1&idTramite=1
2017-05-26 19:26:27,585 INFO Salida por except: HTTPConnectionPool(host='localhost', port=6080): Max retries exceeded with url: /restTurneroApp/turno/ingresarTurno?idSucursal=1&idTramite=1 (Caused by NewConnectionError('<requests.packages.urllib3.connection.HTTPConnection object at 0x06B2EA30>: Failed to establish a new connection: [Errno 10061] No se puede establecer una conexi\xf3n ya que el equipo de destino deneg\xf3 expresamente dicha conexi\xf3n',))
2017-05-26 19:26:47,690 INFO 
2017-05-26 19:26:47,690 INFO Solicitud: http://localhost:6080/restTurneroApp/turno/ingresarTurno?idSucursal=1&idTramite=2
2017-05-26 19:26:48,109 INFO Respuesta: {"numeroTurno":329,"letraTicket":"P","fechaTurno":"26-05-2017  19:26:48","tiempoEspera":"-"}
2017-05-26 19:26:48,121 INFO Inicio de generacion de Ticket
2017-05-26 19:26:48,184 INFO Fin de generacion de Ticket
2017-05-26 19:26:52,546 INFO 
2017-05-26 19:26:52,546 INFO Solicitud: http://localhost:6080/restTurneroApp/turno/ingresarTurno?idSucursal=1&idTramite=1
2017-05-26 19:26:52,565 INFO Respuesta: {"numeroTurno":115,"letraTicket":"F","fechaTurno":"26-05-2017  19:26:52","tiempoEspera":"-"}
2017-05-26 19:26:52,573 INFO Inicio de generacion de Ticket
2017-05-26 19:26:52,582 INFO Fin de generacion de Ticket
2017-05-26 19:26:57,721 INFO 
2017-05-26 19:26:57,721 INFO Solicitud: http://localhost:6080/restTurneroApp/turno/ingresarTurno?idSucursal=1&idTramite=2
2017-05-26 19:26:57,772 INFO Respuesta: {"numeroTurno":330,"letraTicket":"P","fechaTurno":"26-05-2017  19:26:57","tiempoEspera":"-"}
2017-05-26 19:26:57,788 INFO Inicio de generacion de Ticket
2017-05-26 19:26:57,796 INFO Fin de generacion de Ticket
2017-05-26 19:27:04,878 INFO 
2017-05-26 19:27:04,878 INFO Solicitud: http://localhost:6080/restTurneroApp/turno/ingresarTurno?idSucursal=1&idTramite=1
2017-05-26 19:27:04,933 INFO Respuesta: {"numeroTurno":116,"letraTicket":"F","fechaTurno":"26-05-2017  19:27:04","tiempoEspera":"-"}
2017-05-26 19:27:04,944 INFO Inicio de generacion de Ticket
2017-05-26 19:27:04,954 INFO Fin de generacion de Ticket
